<?xml version="1.0" encoding="UTF-8"?>
<!-- Generated by org.testng.reporters.JUnitReportReporter -->
<testsuite skipped="0" hostname="MacBook-Pro.Dlink" name="lemmah.assignment1.fusionChartJscript" tests="1" failures="0" timestamp="2020-06-18T12:35:06 IST" time="14.293" errors="0">
  <testcase name="Assignment1" time="14.293" classname="lemmah.assignment1.fusionChartJscript"/>
  <system-out/>
</testsuite> <!-- lemmah.assignment1.fusionChartJscript -->
